[
  {
    "Plan": {
      "Node Type": "Limit",
      "Parallel Aware": false,
      "Async Capable": false,
      "Startup Cost": 45.54,
      "Total Cost": 45.63,
      "Plan Rows": 6,
      "Plan Width": 194,
      "Actual Startup Time": 0.900,
      "Actual Total Time": 0.902,
      "Actual Rows": 1,
      "Actual Loops": 1,
      "Shared Hit Blocks": 9,
      "Shared Read Blocks": 8,
      "Shared Dirtied Blocks": 0,
      "Shared Written Blocks": 0,
      "Local Hit Blocks": 0,
      "Local Read Blocks": 0,
      "Local Dirtied Blocks": 0,
      "Local Written Blocks": 0,
      "Temp Read Blocks": 0,
      "Temp Written Blocks": 0,
      "Plans": [
        {
          "Node Type": "Unique",
          "Parent Relationship": "Outer",
          "Parallel Aware": false,
          "Async Capable": false,
          "Startup Cost": 45.54,
          "Total Cost": 45.63,
          "Plan Rows": 6,
          "Plan Width": 194,
          "Actual Startup Time": 0.899,
          "Actual Total Time": 0.901,
          "Actual Rows": 1,
          "Actual Loops": 1,
          "Shared Hit Blocks": 9,
          "Shared Read Blocks": 8,
          "Shared Dirtied Blocks": 0,
          "Shared Written Blocks": 0,
          "Local Hit Blocks": 0,
          "Local Read Blocks": 0,
          "Local Dirtied Blocks": 0,
          "Local Written Blocks": 0,
          "Temp Read Blocks": 0,
          "Temp Written Blocks": 0,
          "Plans": [
            {
              "Node Type": "Sort",
              "Parent Relationship": "Outer",
              "Parallel Aware": false,
              "Async Capable": false,
              "Startup Cost": 45.54,
              "Total Cost": 45.55,
              "Plan Rows": 6,
              "Plan Width": 194,
              "Actual Startup Time": 0.899,
              "Actual Total Time": 0.900,
              "Actual Rows": 1,
              "Actual Loops": 1,
              "Sort Key": [
                "pr.created_at DESC",
                "pr.id DESC",
                "pr.updated_at",
                "pr.channel_id",
                "pr.yt_playlist_id"
              ],
              "Sort Method": "quicksort",
              "Sort Space Used": 25,
              "Sort Space Type": "Memory",
              "Shared Hit Blocks": 9,
              "Shared Read Blocks": 8,
              "Shared Dirtied Blocks": 0,
              "Shared Written Blocks": 0,
              "Local Hit Blocks": 0,
              "Local Read Blocks": 0,
              "Local Dirtied Blocks": 0,
              "Local Written Blocks": 0,
              "Temp Read Blocks": 0,
              "Temp Written Blocks": 0,
              "Plans": [
                {
                  "Node Type": "Nested Loop",
                  "Parent Relationship": "Outer",
                  "Parallel Aware": false,
                  "Async Capable": false,
                  "Join Type": "Left",
                  "Startup Cost": 14.51,
                  "Total Cost": 45.46,
                  "Plan Rows": 6,
                  "Plan Width": 194,
                  "Actual Startup Time": 0.830,
                  "Actual Total Time": 0.833,
                  "Actual Rows": 1,
                  "Actual Loops": 1,
                  "Inner Unique": false,
                  "Shared Hit Blocks": 0,
                  "Shared Read Blocks": 8,
                  "Shared Dirtied Blocks": 0,
                  "Shared Written Blocks": 0,
                  "Local Hit Blocks": 0,
                  "Local Read Blocks": 0,
                  "Local Dirtied Blocks": 0,
                  "Local Written Blocks": 0,
                  "Temp Read Blocks": 0,
                  "Temp Written Blocks": 0,
                  "Plans": [
                    {
                      "Node Type": "Nested Loop",
                      "Parent Relationship": "Outer",
                      "Parallel Aware": false,
                      "Async Capable": false,
                      "Join Type": "Inner",
                      "Startup Cost": 14.36,
                      "Total Cost": 43.78,
                      "Plan Rows": 5,
                      "Plan Width": 194,
                      "Actual Startup Time": 0.671,
                      "Actual Total Time": 0.673,
                      "Actual Rows": 1,
                      "Actual Loops": 1,
                      "Inner Unique": true,
                      "Shared Hit Blocks": 0,
                      "Shared Read Blocks": 6,
                      "Shared Dirtied Blocks": 0,
                      "Shared Written Blocks": 0,
                      "Local Hit Blocks": 0,
                      "Local Read Blocks": 0,
                      "Local Dirtied Blocks": 0,
                      "Local Written Blocks": 0,
                      "Temp Read Blocks": 0,
                      "Temp Written Blocks": 0,
                      "Plans": [
                        {
                          "Node Type": "Nested Loop",
                          "Parent Relationship": "Outer",
                          "Parallel Aware": false,
                          "Async Capable": false,
                          "Join Type": "Inner",
                          "Startup Cost": 14.21,
                          "Total Cost": 42.29,
                          "Plan Rows": 5,
                          "Plan Width": 194,
                          "Actual Startup Time": 0.504,
                          "Actual Total Time": 0.506,
                          "Actual Rows": 1,
                          "Actual Loops": 1,
                          "Inner Unique": true,
                          "Shared Hit Blocks": 0,
                          "Shared Read Blocks": 4,
                          "Shared Dirtied Blocks": 0,
                          "Shared Written Blocks": 0,
                          "Local Hit Blocks": 0,
                          "Local Read Blocks": 0,
                          "Local Dirtied Blocks": 0,
                          "Local Written Blocks": 0,
                          "Temp Read Blocks": 0,
                          "Temp Written Blocks": 0,
                          "Plans": [
                            {
                              "Node Type": "Hash Join",
                              "Parent Relationship": "Outer",
                              "Parallel Aware": false,
                              "Async Capable": false,
                              "Join Type": "Inner",
                              "Startup Cost": 14.06,
                              "Total Cost": 41.29,
                              "Plan Rows": 5,
                              "Plan Width": 16,
                              "Actual Startup Time": 0.348,
                              "Actual Total Time": 0.349,
                              "Actual Rows": 1,
                              "Actual Loops": 1,
                              "Inner Unique": true,
                              "Hash Cond": "(pc.category_id = cat.id)",
                              "Shared Hit Blocks": 0,
                              "Shared Read Blocks": 2,
                              "Shared Dirtied Blocks": 0,
                              "Shared Written Blocks": 0,
                              "Local Hit Blocks": 0,
                              "Local Read Blocks": 0,
                              "Local Dirtied Blocks": 0,
                              "Local Written Blocks": 0,
                              "Temp Read Blocks": 0,
                              "Temp Written Blocks": 0,
                              "Plans": [
                                {
                                  "Node Type": "Seq Scan",
                                  "Parent Relationship": "Outer",
                                  "Parallel Aware": false,
                                  "Async Capable": false,
                                  "Relation Name": "playlist_category",
                                  "Alias": "pc",
                                  "Startup Cost": 0.00,
                                  "Total Cost": 23.60,
                                  "Plan Rows": 1360,
                                  "Plan Width": 32,
                                  "Actual Startup Time": 0.137,
                                  "Actual Total Time": 0.151,
                                  "Actual Rows": 6,
                                  "Actual Loops": 1,
                                  "Shared Hit Blocks": 0,
                                  "Shared Read Blocks": 1,
                                  "Shared Dirtied Blocks": 0,
                                  "Shared Written Blocks": 0,
                                  "Local Hit Blocks": 0,
                                  "Local Read Blocks": 0,
                                  "Local Dirtied Blocks": 0,
                                  "Local Written Blocks": 0,
                                  "Temp Read Blocks": 0,
                                  "Temp Written Blocks": 0
                                },
                                {
                                  "Node Type": "Hash",
                                  "Parent Relationship": "Inner",
                                  "Parallel Aware": false,
                                  "Async Capable": false,
                                  "Startup Cost": 14.05,
                                  "Total Cost": 14.05,
                                  "Plan Rows": 1,
                                  "Plan Width": 16,
                                  "Actual Startup Time": 0.175,
                                  "Actual Total Time": 0.175,
                                  "Actual Rows": 1,
                                  "Actual Loops": 1,
                                  "Hash Buckets": 1024,
                                  "Original Hash Buckets": 1024,
                                  "Hash Batches": 1,
                                  "Original Hash Batches": 1,
                                  "Peak Memory Usage": 9,
                                  "Shared Hit Blocks": 0,
                                  "Shared Read Blocks": 1,
                                  "Shared Dirtied Blocks": 0,
                                  "Shared Written Blocks": 0,
                                  "Local Hit Blocks": 0,
                                  "Local Read Blocks": 0,
                                  "Local Dirtied Blocks": 0,
                                  "Local Written Blocks": 0,
                                  "Temp Read Blocks": 0,
                                  "Temp Written Blocks": 0,
                                  "Plans": [
                                    {
                                      "Node Type": "Seq Scan",
                                      "Parent Relationship": "Outer",
                                      "Parallel Aware": false,
                                      "Async Capable": false,
                                      "Relation Name": "category",
                                      "Alias": "cat",
                                      "Startup Cost": 0.00,
                                      "Total Cost": 14.05,
                                      "Plan Rows": 1,
                                      "Plan Width": 16,
                                      "Actual Startup Time": 0.141,
                                      "Actual Total Time": 0.143,
                                      "Actual Rows": 1,
                                      "Actual Loops": 1,
                                      "Filter": "(lower((slug)::text) = 'kids'::text)",
                                      "Rows Removed by Filter": 3,
                                      "Shared Hit Blocks": 0,
                                      "Shared Read Blocks": 1,
                                      "Shared Dirtied Blocks": 0,
                                      "Shared Written Blocks": 0,
                                      "Local Hit Blocks": 0,
                                      "Local Read Blocks": 0,
                                      "Local Dirtied Blocks": 0,
                                      "Local Written Blocks": 0,
                                      "Temp Read Blocks": 0,
                                      "Temp Written Blocks": 0
                                    }
                                  ]
                                }
                              ]
                            },
                            {
                              "Node Type": "Index Scan",
                              "Parent Relationship": "Inner",
                              "Parallel Aware": false,
                              "Async Capable": false,
                              "Scan Direction": "Forward",
                              "Index Name": "playlist_registry_pkey",
                              "Relation Name": "playlist_registry",
                              "Alias": "pr",
                              "Startup Cost": 0.15,
                              "Total Cost": 0.20,
                              "Plan Rows": 1,
                              "Plan Width": 194,
                              "Actual Startup Time": 0.154,
                              "Actual Total Time": 0.154,
                              "Actual Rows": 1,
                              "Actual Loops": 1,
                              "Index Cond": "(id = pc.playlist_id)",
                              "Rows Removed by Index Recheck": 0,
                              "Shared Hit Blocks": 0,
                              "Shared Read Blocks": 2,
                              "Shared Dirtied Blocks": 0,
                              "Shared Written Blocks": 0,
                              "Local Hit Blocks": 0,
                              "Local Read Blocks": 0,
                              "Local Dirtied Blocks": 0,
                              "Local Written Blocks": 0,
                              "Temp Read Blocks": 0,
                              "Temp Written Blocks": 0
                            }
                          ]
                        },
                        {
                          "Node Type": "Index Only Scan",
                          "Parent Relationship": "Inner",
                          "Parallel Aware": false,
                          "Async Capable": false,
                          "Scan Direction": "Forward",
                          "Index Name": "channel_registry_pkey",
                          "Relation Name": "channel_registry",
                          "Alias": "c",
                          "Startup Cost": 0.15,
                          "Total Cost": 0.30,
                          "Plan Rows": 1,
                          "Plan Width": 16,
                          "Actual Startup Time": 0.165,
                          "Actual Total Time": 0.165,
                          "Actual Rows": 1,
                          "Actual Loops": 1,
                          "Index Cond": "(id = pr.channel_id)",
                          "Rows Removed by Index Recheck": 0,
                          "Heap Fetches": 1,
                          "Shared Hit Blocks": 0,
                          "Shared Read Blocks": 2,
                          "Shared Dirtied Blocks": 0,
                          "Shared Written Blocks": 0,
                          "Local Hit Blocks": 0,
                          "Local Read Blocks": 0,
                          "Local Dirtied Blocks": 0,
                          "Local Written Blocks": 0,
                          "Temp Read Blocks": 0,
                          "Temp Written Blocks": 0
                        }
                      ]
                    },
                    {
                      "Node Type": "Index Only Scan",
                      "Parent Relationship": "Inner",
                      "Parallel Aware": false,
                      "Async Capable": false,
                      "Scan Direction": "Forward",
                      "Index Name": "playlist_excluded_video_pkey",
                      "Relation Name": "playlist_excluded_video",
                      "Alias": "pev",
                      "Startup Cost": 0.15,
                      "Total Cost": 0.32,
                      "Plan Rows": 2,
                      "Plan Width": 16,
                      "Actual Startup Time": 0.158,
                      "Actual Total Time": 0.159,
                      "Actual Rows": 1,
                      "Actual Loops": 1,
                      "Index Cond": "(playlist_id = pr.id)",
                      "Rows Removed by Index Recheck": 0,
                      "Shared Hit Blocks": 0,
                      "Shared Read Blocks": 2,
                      "Shared Dirtied Blocks": 0,
                      "Shared Written Blocks": 0,
                      "Local Hit Blocks": 0,
                      "Local Read Blocks": 0,
                      "Local Dirtied Blocks": 0,
                      "Local Written Blocks": 0,
                      "Temp Read Blocks": 0,
                      "Temp Written Blocks": 0
                    }
                  ]
                }
              ]
            }
          ]
        }
      ]
    },
    "Planning": {
      "Shared Hit Blocks": 307,
      "Shared Read Blocks": 13,
      "Shared Dirtied Blocks": 0,
      "Shared Written Blocks": 0,
      "Local Hit Blocks": 0,
      "Local Read Blocks": 0,
      "Local Dirtied Blocks": 0,
      "Local Written Blocks": 0,
      "Temp Read Blocks": 0,
      "Temp Written Blocks": 0
    },
    "Planning Time": 5.148,
    "Triggers": [],
    "Execution Time": 1.057
  }
]
